timestamp: 2019-11-21T16:48:50.078479
CREATE TABLE "users"(
    "id" INTEGER PRIMARY KEY AUTOINCREMENT,
    "username" CHAR(512),
    "email" CHAR(512),
    "password" CHAR(512),
    "balance" INTEGER,
    "userRole" CHAR(512),
    "secureKey" CHAR(512),
    "dateRegistration" TIMESTAMP
);
success!
timestamp: 2019-11-21T16:55:12.895690
CREATE TABLE "assets"(
    "id" INTEGER PRIMARY KEY AUTOINCREMENT,
    "userId" INTEGER,
    "assetId" CHAR(512),
    "units" INTEGER,
    "assetName" CHAR(512),
    "marketType" CHAR(512),
    "action" CHAR(512),
    "takeProfit" INTEGER,
    "stopLoss" INTEGER,
    "closed" CHAR(1),
    "startValue" INTEGER,
    "closeValue" INTEGER,
    "dateTransac" TIMESTAMP
);
success!
